65536, 16, 2, 1, 4294967296, (ROWS, BANKS, RANKS, CONTROLLERS, MEMORY SIZE BYTES)
I am Chip[0] (global component 0)
  I am TileLegacy[0] (global component 1)
    I am TileInterconnectNew[0] (global component 2)
    I am ClusterLegacy[0] (global component 3)
      I am CoreInOrderLegacy[0] (global component 4)
      I am CoreInOrderLegacy[1] (global component 5)
      I am CoreInOrderLegacy[2] (global component 6)
      I am CoreInOrderLegacy[3] (global component 7)
      I am CoreInOrderLegacy[4] (global component 8)
      I am CoreInOrderLegacy[5] (global component 9)
      I am CoreInOrderLegacy[6] (global component 10)
      I am CoreInOrderLegacy[7] (global component 11)
CYCLE:            0 (COMMITS) ALU:            0 FPU:            0
CYCLE:       100000 (COMMITS) ALU:            0 FPU:            0
Beginning...
SYSCALL open("rigel.pngdata", 0)... returning fd=3 (hostfd=5)
syscall_read(fd=3 target/5 host, base_addr=0x01ab9dd0, num_bytes=65536)... read 4935 of 65536 bytes
CYCLE:       200000 (COMMITS) ALU:            0 FPU:            0
CYCLE:       300000 (COMMITS) ALU:            0 FPU:            0
CYCLE:       400000 (COMMITS) ALU:            0 FPU:            0
CYCLE:       500000 (COMMITS) ALU:            0 FPU:            0
CYCLE:       600000 (COMMITS) ALU:            0 FPU:            0
CYCLE:       700000 (COMMITS) ALU:            0 FPU:            0
CYCLE:       800000 (COMMITS) ALU:            0 FPU:            0
CYCLE:       900000 (COMMITS) ALU:            0 FPU:            0
CYCLE:      1000000 (COMMITS) ALU:            0 FPU:            0
CYCLE:      1100000 (COMMITS) ALU:            0 FPU:            0
CYCLE:      1200000 (COMMITS) ALU:            0 FPU:            0
CYCLE:      1300000 (COMMITS) ALU:            0 FPU:            0
CYCLE:      1400000 (COMMITS) ALU:            0 FPU:            0
CYCLE:      1500000 (COMMITS) ALU:            0 FPU:            0
CYCLE:      1600000 (COMMITS) ALU:            0 FPU:            0
CYCLE:      1700000 (COMMITS) ALU:            0 FPU:            0
CYCLE:      1800000 (COMMITS) ALU:            0 FPU:            0
CYCLE:      1900000 (COMMITS) ALU:            0 FPU:            0
CYCLE:      2000000 (COMMITS) ALU:            0 FPU:            0
CYCLE:      2100000 (COMMITS) ALU:            0 FPU:            0
CYCLE:      2200000 (COMMITS) ALU:            0 FPU:            0
CYCLE:      2300000 (COMMITS) ALU:            0 FPU:            0
CYCLE:      2400000 (COMMITS) ALU:            0 FPU:            0
CYCLE:      2500000 (COMMITS) ALU:            0 FPU:            0
CYCLE:      2600000 (COMMITS) ALU:            0 FPU:            0
CYCLE:      2700000 (COMMITS) ALU:            0 FPU:            0
CYCLE:      2800000 (COMMITS) ALU:            0 FPU:            0
CYCLE:      2900000 (COMMITS) ALU:            0 FPU:            0
CYCLE:      3000000 (COMMITS) ALU:            0 FPU:            0
CYCLE:      3100000 (COMMITS) ALU:            0 FPU:            0
CYCLE:      3200000 (COMMITS) ALU:            0 FPU:            0
CYCLE:      3300000 (COMMITS) ALU:            0 FPU:            0
CYCLE:      3400000 (COMMITS) ALU:            0 FPU:            0
CYCLE:      3500000 (COMMITS) ALU:            0 FPU:            0
CYCLE:      3600000 (COMMITS) ALU:            0 FPU:            0
CYCLE:      3700000 (COMMITS) ALU:            0 FPU:            0
CYCLE:      3800000 (COMMITS) ALU:            0 FPU:            0
CYCLE:      3900000 (COMMITS) ALU:            0 FPU:            0
syscall_read(fd=3 target/5 host, base_addr=0x01ab9dd0, num_bytes=65536)... read 0 of 65536 bytes
syscall_close(3) (hostfd=5)...success
CYCLE:      4000000 (COMMITS) ALU:            0 FPU:            0
CYCLE:      4100000 (COMMITS) ALU:       487789 FPU:            0
core 4 (local 4) thread 3 halting @ cycle 4156367, PC 0x00000068
core 4 (local 4) thread 0 halting @ cycle 4156368, PC 0x00000068
core 4 (local 4) thread 1 halting @ cycle 4156369, PC 0x00000068
core 4 (local 4) thread 2 halting @ cycle 4156370, PC 0x00000068
core 4 (local 4) thread 3 halting @ cycle 4156371, PC 0x00000068
core 4 (local 4) thread 0 halting @ cycle 4156372, PC 0x00000068
core 4 (local 4) thread 1 halting @ cycle 4156373, PC 0x00000068
core 4 (local 4) thread 2 halting @ cycle 4156374, PC 0x00000068
core 4 (local 4) thread 1 halting @ cycle 4156375, PC 0x00000068
core 4 (local 4) thread 2 halting @ cycle 4156376, PC 0x00000068
core 7 (local 7) thread 1 halting @ cycle 4156467, PC 0x00000068
core 7 (local 7) thread 2 halting @ cycle 4156468, PC 0x00000068
core 7 (local 7) thread 3 halting @ cycle 4156469, PC 0x00000068
core 7 (local 7) thread 0 halting @ cycle 4156470, PC 0x00000068
core 7 (local 7) thread 1 halting @ cycle 4156471, PC 0x00000068
core 7 (local 7) thread 2 halting @ cycle 4156472, PC 0x00000068
core 7 (local 7) thread 3 halting @ cycle 4156473, PC 0x00000068
core 7 (local 7) thread 0 halting @ cycle 4156474, PC 0x00000068
core 7 (local 7) thread 3 halting @ cycle 4156475, PC 0x00000068
core 7 (local 7) thread 0 halting @ cycle 4156476, PC 0x00000068
core 3 (local 3) thread 1 halting @ cycle 4156611, PC 0x00000068
core 3 (local 3) thread 2 halting @ cycle 4156612, PC 0x00000068
core 3 (local 3) thread 3 halting @ cycle 4156613, PC 0x00000068
core 3 (local 3) thread 0 halting @ cycle 4156614, PC 0x00000068
core 3 (local 3) thread 1 halting @ cycle 4156615, PC 0x00000068
core 3 (local 3) thread 2 halting @ cycle 4156616, PC 0x00000068
core 3 (local 3) thread 3 halting @ cycle 4156617, PC 0x00000068
core 3 (local 3) thread 0 halting @ cycle 4156618, PC 0x00000068
core 3 (local 3) thread 3 halting @ cycle 4156619, PC 0x00000068
core 3 (local 3) thread 0 halting @ cycle 4156620, PC 0x00000068
core 1 (local 1) thread 3 halting @ cycle 4156628, PC 0x00000068
core 1 (local 1) thread 0 halting @ cycle 4156629, PC 0x00000068
core 0 (local 0) thread 3 halting @ cycle 4156630, PC 0x00000068
core 1 (local 1) thread 1 halting @ cycle 4156630, PC 0x00000068
core 0 (local 0) thread 1 halting @ cycle 4156631, PC 0x00000068
core 1 (local 1) thread 2 halting @ cycle 4156631, PC 0x00000068
core 0 (local 0) thread 2 halting @ cycle 4156632, PC 0x00000068
core 1 (local 1) thread 3 halting @ cycle 4156632, PC 0x00000068
core 0 (local 0) thread 3 halting @ cycle 4156633, PC 0x00000068
core 1 (local 1) thread 0 halting @ cycle 4156633, PC 0x00000068
core 1 (local 1) thread 1 halting @ cycle 4156634, PC 0x00000068
core 1 (local 1) thread 2 halting @ cycle 4156635, PC 0x00000068
core 1 (local 1) thread 1 halting @ cycle 4156636, PC 0x00000068
core 1 (local 1) thread 2 halting @ cycle 4156637, PC 0x00000068
core 0 (local 0) thread 1 halting @ cycle 4156640, PC 0x00000068
core 0 (local 0) thread 2 halting @ cycle 4156641, PC 0x00000068
core 5 (local 5) thread 3 halting @ cycle 4156701, PC 0x00000068
core 5 (local 5) thread 0 halting @ cycle 4156702, PC 0x00000068
core 5 (local 5) thread 1 halting @ cycle 4156703, PC 0x00000068
core 5 (local 5) thread 2 halting @ cycle 4156704, PC 0x00000068
core 5 (local 5) thread 3 halting @ cycle 4156705, PC 0x00000068
core 5 (local 5) thread 0 halting @ cycle 4156706, PC 0x00000068
core 5 (local 5) thread 1 halting @ cycle 4156707, PC 0x00000068
core 5 (local 5) thread 2 halting @ cycle 4156708, PC 0x00000068
core 5 (local 5) thread 1 halting @ cycle 4156709, PC 0x00000068
core 5 (local 5) thread 2 halting @ cycle 4156710, PC 0x00000068
core 6 (local 6) thread 3 halting @ cycle 4156730, PC 0x00000068
core 6 (local 6) thread 0 halting @ cycle 4156731, PC 0x00000068
core 6 (local 6) thread 1 halting @ cycle 4156732, PC 0x00000068
core 6 (local 6) thread 2 halting @ cycle 4156733, PC 0x00000068
core 6 (local 6) thread 3 halting @ cycle 4156734, PC 0x00000068
core 6 (local 6) thread 0 halting @ cycle 4156735, PC 0x00000068
core 6 (local 6) thread 1 halting @ cycle 4156736, PC 0x00000068
core 6 (local 6) thread 2 halting @ cycle 4156737, PC 0x00000068
core 6 (local 6) thread 1 halting @ cycle 4156738, PC 0x00000068
core 6 (local 6) thread 2 halting @ cycle 4156739, PC 0x00000068
core 2 (local 2) thread 2 halting @ cycle 4156780, PC 0x00000068
core 2 (local 2) thread 3 halting @ cycle 4156781, PC 0x00000068
core 2 (local 2) thread 0 halting @ cycle 4156782, PC 0x00000068
core 2 (local 2) thread 1 halting @ cycle 4156783, PC 0x00000068
core 2 (local 2) thread 2 halting @ cycle 4156784, PC 0x00000068
core 2 (local 2) thread 3 halting @ cycle 4156785, PC 0x00000068
core 2 (local 2) thread 0 halting @ cycle 4156786, PC 0x00000068
core 2 (local 2) thread 1 halting @ cycle 4156787, PC 0x00000068
core 2 (local 2) thread 0 halting @ cycle 4156788, PC 0x00000068
core 2 (local 2) thread 1 halting @ cycle 4156789, PC 0x00000068
SYSCALL open("threads_4_emap.out", 577)... returning fd=4 (hostfd=3)
CYCLE:      4200000 (COMMITS) ALU:       732811 FPU:            0
CYCLE:      4300000 (COMMITS) ALU:       779187 FPU:            0
CYCLE:      4400000 (COMMITS) ALU:       826299 FPU:            0
CYCLE:      4500000 (COMMITS) ALU:       872609 FPU:            0
CYCLE:      4600000 (COMMITS) ALU:       919591 FPU:            0
CYCLE:      4700000 (COMMITS) ALU:       966395 FPU:            0
CYCLE:      4800000 (COMMITS) ALU:      1012714 FPU:            0
CYCLE:      4900000 (COMMITS) ALU:      1059477 FPU:            0
CYCLE:      5000000 (COMMITS) ALU:      1106105 FPU:            0
CYCLE:      5100000 (COMMITS) ALU:      1152308 FPU:            0
CYCLE:      5200000 (COMMITS) ALU:      1198909 FPU:            0
CYCLE:      5300000 (COMMITS) ALU:      1245750 FPU:            0
CYCLE:      5400000 (COMMITS) ALU:      1292576 FPU:            0
CYCLE:      5500000 (COMMITS) ALU:      1339106 FPU:            0
CYCLE:      5600000 (COMMITS) ALU:      1385947 FPU:            0
CYCLE:      5700000 (COMMITS) ALU:      1432594 FPU:            0
CYCLE:      5800000 (COMMITS) ALU:      1479083 FPU:            0
CYCLE:      5900000 (COMMITS) ALU:      1525537 FPU:            0
CYCLE:      6000000 (COMMITS) ALU:      1572277 FPU:            0
CYCLE:      6100000 (COMMITS) ALU:      1619031 FPU:            0
CYCLE:      6200000 (COMMITS) ALU:      1665462 FPU:            0
CYCLE:      6300000 (COMMITS) ALU:      1712356 FPU:            0
CYCLE:      6400000 (COMMITS) ALU:      1758962 FPU:            0
CYCLE:      6500000 (COMMITS) ALU:      1805458 FPU:            0
CYCLE:      6600000 (COMMITS) ALU:      1852397 FPU:            0
CYCLE:      6700000 (COMMITS) ALU:      1898937 FPU:            0
CYCLE:      6800000 (COMMITS) ALU:      1945478 FPU:            0
CYCLE:      6900000 (COMMITS) ALU:      1992529 FPU:            0
CYCLE:      7000000 (COMMITS) ALU:      2039041 FPU:            0
CYCLE:      7100000 (COMMITS) ALU:      2085443 FPU:            0
CYCLE:      7200000 (COMMITS) ALU:      2132420 FPU:            0
CYCLE:      7300000 (COMMITS) ALU:      2178896 FPU:            0
CYCLE:      7400000 (COMMITS) ALU:      2225290 FPU:            0
CYCLE:      7500000 (COMMITS) ALU:      2272301 FPU:            0
CYCLE:      7600000 (COMMITS) ALU:      2318982 FPU:            0
CYCLE:      7700000 (COMMITS) ALU:      2365326 FPU:            0
CYCLE:      7800000 (COMMITS) ALU:      2412225 FPU:            0
CYCLE:      7900000 (COMMITS) ALU:      2458884 FPU:            0
CYCLE:      8000000 (COMMITS) ALU:      2505355 FPU:            0
CYCLE:      8100000 (COMMITS) ALU:      2552259 FPU:            0
CYCLE:      8200000 (COMMITS) ALU:      2599013 FPU:            0
CYCLE:      8300000 (COMMITS) ALU:      2645452 FPU:            0
CYCLE:      8400000 (COMMITS) ALU:      2692303 FPU:            0
CYCLE:      8500000 (COMMITS) ALU:      2738686 FPU:            0
CYCLE:      8600000 (COMMITS) ALU:      2785209 FPU:            0
syscall_write(fd=4 target/3 host, base_addr=0x01adade8, num_bytes=3785)... wrote 3785 bytes
syscall_close(4) (hostfd=3)...success
SYSCALL open("threads_4_smap.out", 577)... returning fd=5 (hostfd=4)
CYCLE:      8700000 (COMMITS) ALU:      2829689 FPU:            0
CYCLE:      8800000 (COMMITS) ALU:      2876989 FPU:            0
CYCLE:      8900000 (COMMITS) ALU:      2923469 FPU:            0
CYCLE:      9000000 (COMMITS) ALU:      2970329 FPU:            0
CYCLE:      9100000 (COMMITS) ALU:      3016941 FPU:            0
CYCLE:      9200000 (COMMITS) ALU:      3063949 FPU:            0
CYCLE:      9300000 (COMMITS) ALU:      3110407 FPU:            0
CYCLE:      9400000 (COMMITS) ALU:      3157451 FPU:            0
CYCLE:      9500000 (COMMITS) ALU:      3204187 FPU:            0
CYCLE:      9600000 (COMMITS) ALU:      3251069 FPU:            0
CYCLE:      9700000 (COMMITS) ALU:      3297626 FPU:            0
CYCLE:      9800000 (COMMITS) ALU:      3344640 FPU:            0
CYCLE:      9900000 (COMMITS) ALU:      3391205 FPU:            0
CYCLE:     10000000 (COMMITS) ALU:      3438321 FPU:            0
CYCLE:     10100000 (COMMITS) ALU:      3484976 FPU:            0
CYCLE:     10200000 (COMMITS) ALU:      3531912 FPU:            0
CYCLE:     10300000 (COMMITS) ALU:      3578654 FPU:            0
CYCLE:     10400000 (COMMITS) ALU:      3625559 FPU:            0
CYCLE:     10500000 (COMMITS) ALU:      3672225 FPU:            0
CYCLE:     10600000 (COMMITS) ALU:      3719148 FPU:            0
CYCLE:     10700000 (COMMITS) ALU:      3766015 FPU:            0
CYCLE:     10800000 (COMMITS) ALU:      3812792 FPU:            0
CYCLE:     10900000 (COMMITS) ALU:      3859700 FPU:            0
CYCLE:     11000000 (COMMITS) ALU:      3906195 FPU:            0
CYCLE:     11100000 (COMMITS) ALU:      3953415 FPU:            0
CYCLE:     11200000 (COMMITS) ALU:      3999775 FPU:            0
CYCLE:     11300000 (COMMITS) ALU:      4046985 FPU:            0
CYCLE:     11400000 (COMMITS) ALU:      4093424 FPU:            0
CYCLE:     11500000 (COMMITS) ALU:      4140534 FPU:            0
CYCLE:     11600000 (COMMITS) ALU:      4186941 FPU:            0
CYCLE:     11700000 (COMMITS) ALU:      4234111 FPU:            0
CYCLE:     11800000 (COMMITS) ALU:      4280797 FPU:            0
CYCLE:     11900000 (COMMITS) ALU:      4327251 FPU:            0
CYCLE:     12000000 (COMMITS) ALU:      4373968 FPU:            0
CYCLE:     12100000 (COMMITS) ALU:      4420856 FPU:            0
CYCLE:     12200000 (COMMITS) ALU:      4468027 FPU:            0
CYCLE:     12300000 (COMMITS) ALU:      4514533 FPU:            0
CYCLE:     12400000 (COMMITS) ALU:      4561624 FPU:            0
CYCLE:     12500000 (COMMITS) ALU:      4608097 FPU:            0
CYCLE:     12600000 (COMMITS) ALU:      4655261 FPU:            0
CYCLE:     12700000 (COMMITS) ALU:      4701993 FPU:            0
CYCLE:     12800000 (COMMITS) ALU:      4748877 FPU:            0
CYCLE:     12900000 (COMMITS) ALU:      4796199 FPU:            0
CYCLE:     13000000 (COMMITS) ALU:      4842511 FPU:            0
CYCLE:     13100000 (COMMITS) ALU:      4889776 FPU:            0
CYCLE:     13200000 (COMMITS) ALU:      4936993 FPU:            0
syscall_write(fd=5 target/4 host, base_addr=0x01adade8, num_bytes=3957)... wrote 3957 bytes
syscall_close(5) (hostfd=4)...success
SYSCALL open("output.pngdata", 577)... returning fd=6 (hostfd=5)
CYCLE:     13300000 (COMMITS) ALU:      4982133 FPU:            0
CYCLE:     13400000 (COMMITS) ALU:      5029048 FPU:            0
CYCLE:     13500000 (COMMITS) ALU:      5078912 FPU:            0
CYCLE:     13600000 (COMMITS) ALU:      5128450 FPU:            0
CYCLE:     13700000 (COMMITS) ALU:      5178383 FPU:            0
CYCLE:     13800000 (COMMITS) ALU:      5228023 FPU:            0
CYCLE:     13900000 (COMMITS) ALU:      5277899 FPU:            0
CYCLE:     14000000 (COMMITS) ALU:      5327673 FPU:            0
CYCLE:     14100000 (COMMITS) ALU:      5377664 FPU:            0
CYCLE:     14200000 (COMMITS) ALU:      5427794 FPU:            0
CYCLE:     14300000 (COMMITS) ALU:      5477586 FPU:            0
CYCLE:     14400000 (COMMITS) ALU:      5527700 FPU:            0
CYCLE:     14500000 (COMMITS) ALU:      5577603 FPU:            0
CYCLE:     14600000 (COMMITS) ALU:      5627871 FPU:            0
CYCLE:     14700000 (COMMITS) ALU:      5677674 FPU:            0
CYCLE:     14800000 (COMMITS) ALU:      5728108 FPU:            0
CYCLE:     14900000 (COMMITS) ALU:      5778056 FPU:            0
CYCLE:     15000000 (COMMITS) ALU:      5828457 FPU:            0
CYCLE:     15100000 (COMMITS) ALU:      5878351 FPU:            0
CYCLE:     15200000 (COMMITS) ALU:      5928818 FPU:            0
CYCLE:     15300000 (COMMITS) ALU:      5978785 FPU:            0
CYCLE:     15400000 (COMMITS) ALU:      6029228 FPU:            0
CYCLE:     15500000 (COMMITS) ALU:      6079184 FPU:            0
CYCLE:     15600000 (COMMITS) ALU:      6129638 FPU:            0
CYCLE:     15700000 (COMMITS) ALU:      6180038 FPU:            0
CYCLE:     15800000 (COMMITS) ALU:      6230231 FPU:            0
CYCLE:     15900000 (COMMITS) ALU:      6280747 FPU:            0
CYCLE:     16000000 (COMMITS) ALU:      6330971 FPU:            0
CYCLE:     16100000 (COMMITS) ALU:      6381478 FPU:            0
CYCLE:     16200000 (COMMITS) ALU:      6431468 FPU:            0
CYCLE:     16300000 (COMMITS) ALU:      6482051 FPU:            0
syscall_write(fd=6 target/5 host, base_addr=0x01adade8, num_bytes=4830)... wrote 4830 bytes
syscall_close(6) (hostfd=5)...close() returned error
core 0 (local 0) thread 0 halting @ cycle 16371235, PC 0x00000068
Simulation exiting.  Reason: System-wide halt
SIM_START_TIME, @1337921863@
SIM_END_TIME, @1337922033@
USER, tischer1
COMMAND_LINE_ARGS, /scr/tischer1/rigel_git/rigel/build/sim/rigel-sim/rigelsim --args 2 threads_4_emap.out threads_4_smap.out -threads 4 -clusters 1 carve.tasks 
STDIN, 
TAGS, []
TARGET_ARGS, ["carve.tasks"_ "threads_4_emap.out"_ "threads_4_smap.out"]
HOSTNAME, ipaint04.crhc.uiuc.edu
RIGELSIM_BINARY_NAME, /scr/tischer1/rigel_git/rigel/build/sim/rigel-sim/rigelsim
RIGELSIM_BINARY_SIZE, 20875220
RIGELSIM_BINARY_CRC32, 154107419
BENCHMARK_BINARY_NAME, carve.tasks
BENCHMARK_BINARY_SIZE, 459044
BENCHMARK_BINARY_CRC32, 931243494
BENCHMARK, carve
########## SIMULATION PARAMETERS ##########
NUM_TILES, 1
CLUSTERS_PER_TILE, 1
CORES_PER_CLUSTER, 8
THREADS_PER_CORE, 4
ISSUE_WIDTH, 2
REGISTERS, 32
MC_PENDING_PER_BANK, 16
DRAM_CLK_RATIO, 2
MODEL_CONTENTION, true
NONBLOCKING_PREFETCH, false
NONBLOCKING_LOADS, false
STACK_SMASH_CHECK, false
########## INTERCONNECT PARAMETERS ##########
TILENET_GNET2CC_LAT_L1, 2
TILENET_GNET2CC_LAT_L2, 2
TILENET_CC2GNET_LAT_L1, 2
TILENET_CC2GNET_LAT_L2, 2
L1_ROUTER_ENTRIES, 32
L2_ROUTER_ENTRIES, 32
L1_TO_L2_REQUESTS_PER_CYCLE, 2
L2_TO_GNET_REQUESTS_PER_CYCLE, 4
MAX_ENTRIES_TILE_REQUEST_BUFFER, 16
MAX_ENTRIES_TILE_PROBE_REQUEST_BUFFER, 16
MAX_ENTRIES_TILE_PROBE_RESP_BUFFER, 16
MAX_ENTRIES_TILE_REPLY_BUFFER, 16
CLUSTERS_PER_L1_ROUTER, 4
MAX_ENTRIES_GCACHE_PROBE_RESP_BUFFER, 64
MAX_ENTRIES_GCACHE_REQUEST_BUFFER, 16
MAX_ENTRIES_GCACHE_REPLY_BUFFER, 64
MAX_ENTRIES_GCACHE_PROBE_REQUEST_BUFFER, 64
MAX_GNET_UP_INPUT_MESSAGES_PER_CYCLE, 2
MAX_GNET_UP_OUTPUT_MESSAGES_PER_CYCLE, 2
MAX_GNET_DOWN_INPUT_MESSAGES_PER_CYCLE, 2
MAX_GNET_DOWN_OUTPUT_MESSAGES_PER_CYCLE, 2
GNET_GC2TILE_LAT, 2
########## CACHE PARAMETERS ##########
LINE_SIZE, 32
GCACHE_PREFETCH_DEGREE, 4
GCACHE_ACCESS_LATENCY, 1
GCACHE_WAYS, 8
GCACHE_SETS, 512
GCACHE_SIZE, 524288
L2D_ACCESS_LATENCY, 2
L2D_WAYS, 8
L2D_SETS, 256
L2D_SIZE, 65536
L1D_ACCESS_LATENCY, 1
L1D_WAYS, 2
L1D_SETS, 32
L1D_SIZE, 2048
L1I_ACCESS_LATENCY, 1
L1I_WAYS, 8
L1I_SETS, 32
L1I_SIZE, 8192
L1D_CACHE_OUTSTANDING_MISSES, 32
L1I_CACHE_OUTSTANDING_MISSES, 8
L2I_CACHE_OUTSTANDING_MISSES, 16
L2_CACHE_OUTSTANDING_MISSES, 32
L2_CACHE_PREFETCH_COUNT, 0
GCACHE_OUTSTANDING_MISSES, 64
COUNTED_CCACHE_WRITEBACKS, false
COHERENCE_ENABLED, 0
COHERENCE_OVERFLOW_ENABLED, 0
COHERENCE_DIR_SETS, 1
COHERENCE_DIR_WAYS, 32768
COHERENCE_LIMITED_DIRECTORY_ENABLED, 0
COHERENCE_LIMITED_DIRECTORY_PTRS, 4
########## PERFORMANCE STATS ##########
OVERFLOW_DIRECTORY_ALLOCS, 0
STATNAME_DIR_SHARER_COUNT_COUNT, 0
STATNAME_BRANCH_TARGET_HITS, 340598
STATNAME_BRANCH_TARGET_CORRECT, 667008
STATNAME_BRANCH_TARGET_MISPREDICT, 831591
STATNAME_BRANCH_TARGET_TOTAL, 1498599
STATNAME_BRANCH_TARGET_HIT_RATE, 0.227278
STATNAME_BRANCH_TARGET_PREDICTION_RATE, 0.445088
STATNAME_CCACHE_HWPREFETCH_TOTAL, 0
STATNAME_CCACHE_HWPREFETCH_USEFUL, 0
STATNAME_DRAM_BUS_BUSY_CYCLES, 8236
STATNAME_DRAM_BUS_BUSY_CYCLES_PER_CYCLE, 0.000666
STATNAME_GCACHE_HWPREFETCH_TOTAL, 890
STATNAME_GCACHE_HWPREFETCH_USEFUL, 787
STATNAME_GCACHE_PORT_COUNT, 15462
STATNAME_GCACHE_PORT_COUNT_0, 15462
STATNAME_BULK_PREFETCH_TOTAL, 0
STATNAME_BULK_PREFETCH_USEFUL, 0
STATNAME_DIRECTORY_HITS, 0
STATNAME_DIRECTORY_MISSES, 0
STATNAME_DIRECTORY_HIT_RATE, -nan
STATNAME_DIRECTORY_PREFETCH_HITS, 0
STATNAME_DIRECTORY_PREFETCH_MISSES, 0
STATNAME_DIRECTORY_PREFETCH_HIT_RATE, -nan
STATNAME_DIRECTORY_ACCESSES_PER_CYCLE, 0.000000
STATNAME_DIRECTORY_EVICTIONS_TOTAL, 0
STATNAME_DIRECTORY_EVICTION_SHARERS_TOTAL, 0
STATNAME_DIRECTORY_REREQUESTS_TOTAL, 0
STATNAME_GLOBAL_CACHE_HITS, 12712
STATNAME_GLOBAL_CACHE_MISSES, 2432
STATNAME_GLOBAL_CACHE_HIT_RATE, 0.839408
STATNAME_GLOBAL_CACHE_PREFETCH_HITS, 0
STATNAME_GLOBAL_CACHE_PREFETCH_MISSES, 0
STATNAME_GLOBAL_CACHE_PREFETCH_HIT_RATE, -nan
STATNAME_GLOBAL_CACHE_ACCESSES_PER_CYCLE, 0.001225
STATNAME_GLOBAL_CACHE_MISSES_PER_K_INSTRS, 0.219259
STATNAME_GLOBAL_CACHE_RW_ACCESSES, 7572
STATNAME_GLOBAL_CACHE_RW_ACCESSES_PER_CYCLE, 0.000613
STATNAME_GLOBAL_CACHE_OF_ACCESSES, 0
STATNAME_GLOBAL_CACHE_OF_ACCESSES_PER_CYCLE, 0.000000
STATNAME_INSTR_CC_OCCUPANCY, 11099541
STATNAME_INSTR_DE_OCCUPANCY, 11091885
STATNAME_INSTR_EX_OCCUPANCY, 16249889
STATNAME_INSTR_FP_OCCUPANCY, 11091885
STATNAME_INSTR_GC_FILL, 0
STATNAME_INSTR_GC_MSHR, 0
STATNAME_INSTR_GC_PENDING, 0
STATNAME_INSTR_GC_WRITE_ALLOCATE, 0
STATNAME_INSTR_GNET_GCREPLY, 0
STATNAME_INSTR_GNET_GCREQUEST, 0
STATNAME_INSTR_GNET_REPLYBUFFER, 0
STATNAME_INSTR_GNET_REQUESTBUFFER, 0
STATNAME_INSTR_GNET_TILEREPLY, 0
STATNAME_INSTR_GNET_TILEREQUEST, 0
STATNAME_INSTR_IF_OCCUPANCY, 17789090
STATNAME_INSTR_INSTR_STALL_CYCLES, 42852446
STATNAME_INSTR_L1D_MSHR, 0
STATNAME_INSTR_L1D_PENDING, 410
STATNAME_INSTR_L1I_MSHR, 0
STATNAME_INSTR_L1I_PENDING, 0
STATNAME_INSTR_L1ROUTER_REPLY, 0
STATNAME_INSTR_L1ROUTER_REQUEST, 0
STATNAME_INSTR_L2D_ACCESS, 27354
STATNAME_INSTR_L2D_ARBITRATE, 36025
STATNAME_INSTR_L2D_MSHR, 0
STATNAME_INSTR_L2D_PENDING, 11858
STATNAME_INSTR_L2GC_REPLY, 0
STATNAME_INSTR_L2GC_REQUEST, 0
STATNAME_INSTR_L2I_ACCESS, 0
STATNAME_INSTR_L2I_ARBITRATE, 0
STATNAME_INSTR_L2I_MSHR, 0
STATNAME_INSTR_L2I_PENDING, 0
STATNAME_INSTR_L2ROUTER_REPLY, 0
STATNAME_INSTR_L2ROUTER_REQUEST, 0
STATNAME_INSTR_MC_OCCUPANCY, 11206495
STATNAME_INSTR_RESOURCE_CONFLICT_ALU, 1953209
STATNAME_INSTR_RESOURCE_CONFLICT_ALU_SHIFT, 86547
STATNAME_INSTR_RESOURCE_CONFLICT_BOTH, 7
STATNAME_INSTR_RESOURCE_CONFLICT_BRANCH, 36196
STATNAME_INSTR_RESOURCE_CONFLICT_FPU, 0
STATNAME_INSTR_RESOURCE_CONFLICT_MEM, 457737
STATNAME_INSTR_SENDING_BCAST_NOTIFIES, 0
STATNAME_INSTR_STUCK_BEHIND_GLOBAL, 51270
STATNAME_INSTR_STUCK_BEHIND_OTHER_INSTR, 14862629
STATNAME_INSTR_SYNC_WAITING_FOR_ACK, 0
STATNAME_INSTR_TILE_REPLYBUFFER, 0
STATNAME_INSTR_TILE_REQUESTBUFFER, 0
STATNAME_INSTR_WB_OCCUPANCY, 11091885
STATNAME_L1D_CACHE_HITS, 1821367
STATNAME_L1D_CACHE_MISSES, 66609
STATNAME_L1D_CACHE_HIT_RATE, 0.964719
STATNAME_L1D_CACHE_PREFETCH_HITS, 0
STATNAME_L1D_CACHE_PREFETCH_MISSES, 0
STATNAME_L1D_CACHE_PREFETCH_HIT_RATE, -nan
STATNAME_L1D_CACHE_ACCESSES_PER_CYCLE, 0.019092
STATNAME_L1D_CACHE_MISSES_PER_K_INSTRS, 6.005201
STATNAME_L1I_CACHE_HITS, 10548828
STATNAME_L1I_CACHE_MISSES, 543057
STATNAME_L1I_CACHE_HIT_RATE, 0.951040
STATNAME_L1I_CACHE_PREFETCH_HITS, 0
STATNAME_L1I_CACHE_PREFETCH_MISSES, 0
STATNAME_L1I_CACHE_PREFETCH_HIT_RATE, -nan
STATNAME_L1I_CACHE_ACCESSES_PER_CYCLE, 0.112164
STATNAME_L1I_CACHE_MISSES_PER_K_INSTRS, 48.959850
STATNAME_L1_ROUTER_HISTOGRAM_REPLY_COUNT, 0
STATNAME_L1_ROUTER_HISTOGRAM_REQ_COUNT, 0
STATNAME_L2D_CACHE_HITS, 65665
STATNAME_L2D_CACHE_MISSES, 944
STATNAME_L2D_CACHE_HIT_RATE, 0.985828
STATNAME_L2D_CACHE_PREFETCH_HITS, 0
STATNAME_L2D_CACHE_PREFETCH_MISSES, 0
STATNAME_L2D_CACHE_PREFETCH_HIT_RATE, -nan
STATNAME_L2D_CACHE_ACCESSES_PER_CYCLE, 0.005389
STATNAME_L2D_CACHE_MISSES_PER_K_INSTRS, 0.085107
STATNAME_L2I_CACHE_HITS, 540078
STATNAME_L2I_CACHE_MISSES, 2979
STATNAME_L2I_CACHE_HIT_RATE, 0.994514
STATNAME_L2I_CACHE_PREFETCH_HITS, 0
STATNAME_L2I_CACHE_PREFETCH_MISSES, 0
STATNAME_L2I_CACHE_PREFETCH_HIT_RATE, -nan
STATNAME_L2I_CACHE_ACCESSES_PER_CYCLE, 0.043932
STATNAME_L2I_CACHE_MISSES_PER_K_INSTRS, 0.268575
STATNAME_L2_ROUTER_HISTOGRAM_REPLY_COUNT, 0
STATNAME_L2_ROUTER_HISTOGRAM_REQ_COUNT, 0
STATNAME_LOCAL_ATOMICS_INSTR_MIX_RATIO, 0.000290
STATNAME_LOCAL_ATOMICS_INSTR_PER_CYCLE, 0.000033
STATNAME_GLOBAL_ATOMICS_INSTR_MIX_RATIO, 0.000190
STATNAME_GLOBAL_ATOMICS_INSTR_PER_CYCLE, 0.000021
STATNAME_ATOMICS_INSTR_MIX_RATIO, 0.000481
STATNAME_ATOMICS_INSTR_PER_CYCLE, 0.000054
STATNAME_GLOBAL_MEMORY_INSTR_MIX_RATIO, 0.000462
STATNAME_GLOBAL_MEMORY_INSTR_PER_CYCLE, 0.000052
STATNAME_LOCAL_MEMORY_INSTR_MIX_RATIO, 0.170212
STATNAME_LOCAL_MEMORY_INSTR_PER_CYCLE, 0.019092
STATNAME_MC_FORCE_SCHEDULE, 0
STATNAME_MC_FORCE_SCHEDULE_PER_CYCLE, 0.000000
STATNAME_MC_SCHED_ROW_HIT, 1286
STATNAME_MC_SCHED_ROW_HIT_PER_CYCLE, 0.000104
STATNAME_PROFILER_ACTIVE_CYCLES, 12361289
STATNAME_RETIRED_INSTRUCTIONS, 11091885
STATNAME_RETIRED_INSTRUCTIONS_PER_CYCLE, 0.112164
STATNAME_ONE_OPR_INSTRUCTIONS, 5147125
STATNAME_ONE_OPR_BYPASSED, 1900428
STATNAME_TWO_OPR_INSTRUCTIONS, 5083269
STATNAME_TWO_OPR_BYPASSED_ONE, 2226747
STATNAME_TWO_OPR_BYPASSED_TWO, 917666
STATNAME_TILE_INTERCONNECT_INJECTS, 7572
STATNAME_DRAM_CMD_READ, 2052
STATNAME_DRAM_CMD_READ_PER_CYCLE, 0.000166
STATNAME_DRAM_CMD_IDLE, 0
STATNAME_DRAM_CMD_IDLE_PER_CYCLE, 0.000000
STATNAME_DRAM_CMD_ACTIVATE, 77
STATNAME_DRAM_CMD_ACTIVATE_PER_CYCLE, 0.000006
STATNAME_DRAM_CMD_PRECHARGE, 75
STATNAME_DRAM_CMD_PRECHARGE_PER_CYCLE, 0.000006
STATNAME_DRAM_CMD_WRITE, 7
STATNAME_DRAM_CMD_WRITE_PER_CYCLE, 0.000001
STATNAME_ATTEMPTS_LDW_MISS_L1D_MEAN, 3.490096
STATNAME_ATTEMPTS_LDW_MISS_L1D_COUNT, 27361
STATNAME_ATTEMPTS_LDL_MISS_L1D_MEAN, 2.936508
STATNAME_ATTEMPTS_LDL_MISS_L1D_COUNT, 62
STATNAME_ATTEMPTS_LDW_HIT_L1D_MEAN, 0.000000
STATNAME_ATTEMPTS_LDW_HIT_L1D_COUNT, 1042059
STATNAME_ATTEMPTS_LDL_HIT_L1D_MEAN, 0.000000
STATNAME_ATTEMPTS_LDL_HIT_L1D_COUNT, 1549
STATNAME_ATTEMPTS_LDW_MISS_L2D_MEAN, 26.931580
STATNAME_ATTEMPTS_LDW_MISS_L2D_COUNT, 379
STATNAME_ATTEMPTS_LDL_MISS_L2D_MEAN, 0.000000
STATNAME_ATTEMPTS_LDL_MISS_L2D_COUNT, 0
STATNAME_ATTEMPTS_LDW_HIT_L2D_MEAN, 3.159841
STATNAME_ATTEMPTS_LDW_HIT_L2D_COUNT, 26982
STATNAME_ATTEMPTS_LDL_HIT_L2D_MEAN, 2.936508
STATNAME_ATTEMPTS_LDL_HIT_L2D_COUNT, 62
STATNAME_ATTEMPTS_STW_MISS_L1D_MEAN, 2.103990
STATNAME_ATTEMPTS_STW_MISS_L1D_COUNT, 39176
STATNAME_ATTEMPTS_STC_MISS_L1D_MEAN, 1.909091
STATNAME_ATTEMPTS_STC_MISS_L1D_COUNT, 10
STATNAME_ATTEMPTS_STW_HIT_L1D_MEAN, 2.000013
STATNAME_ATTEMPTS_STW_HIT_L1D_COUNT, 776158
STATNAME_ATTEMPTS_STC_HIT_L1D_MEAN, 1.998752
STATNAME_ATTEMPTS_STC_HIT_L1D_COUNT, 1601
STATNAME_ATTEMPTS_STW_MISS_L2D_MEAN, 3.070671
STATNAME_ATTEMPTS_STW_MISS_L2D_COUNT, 565
STATNAME_ATTEMPTS_STC_MISS_L2D_MEAN, 0.000000
STATNAME_ATTEMPTS_STC_MISS_L2D_COUNT, 0
STATNAME_ATTEMPTS_STW_HIT_L2D_MEAN, 2.089765
STATNAME_ATTEMPTS_STW_HIT_L2D_COUNT, 38611
STATNAME_ATTEMPTS_STC_HIT_L2D_MEAN, 1.909091
STATNAME_ATTEMPTS_STC_HIT_L2D_COUNT, 10
STATNAME_COHERENCE_EVICTS, 0
STATNAME_COMMIT_FU_NONE, 0
STATNAME_COMMIT_FU_ALU, 6517450
STATNAME_COMMIT_FU_ALU_VECTOR, 0
STATNAME_COMMIT_FU_FPU, 0
STATNAME_COMMIT_FU_FPU_VECTOR, 0
STATNAME_COMMIT_FU_FPU_SPECIAL, 0
STATNAME_COMMIT_FU_ALU_SHIFT, 1182601
STATNAME_COMMIT_FU_SPFU, 0
STATNAME_COMMIT_FU_COMPARE, 0
STATNAME_COMMIT_FU_MEM, 1893119
STATNAME_COMMIT_FU_BRANCH, 1498599
STATNAME_COMMIT_FU_BOTH, 115
STATNAME_COMMIT_FU_COUNT, 0
STATNAME_DIR_INVALIDATE_REG, 0
STATNAME_DIR_INVALIDATE_BCAST, 0
STATNAME_DIR_INVALIDATE_WR, 0
STATNAME_DROPPED_HW_CCACHE_PREFETCHES, 0
STATNAME_DIR_WR2WR_TXFR, 0
STATNAME_DIR_L2D_DIRTY_EVICTS, 1067
STATNAME_DIR_L2D_READ_RELEASES, 0
STATNAME_DIR_INCOHERENT_ACCESSES, 0
STATNAME_L2OUT_TOTAL, 7572
STATNAME_L2OUT_READ_NONSTACK_REQ, 1305
STATNAME_L2OUT_READ_STACK_REQ, 57
STATNAME_L2OUT_INSTR_REQ, 0
STATNAME_L2OUT_WRITE_NONSTACK_REQ, 0
STATNAME_L2OUT_WRITE_STACK_REQ, 0
STATNAME_L2OUT_WRITEBACK_REQ, 0
STATNAME_L2OUT_COHERENCE_REPLY, 0
STATNAME_L2OUT_GLOBAL_REQ, 3031
STATNAME_L2OUT_ATOMIC_REQ, 2112
STATNAME_L2OUT_PREFETCH_REQ, 0
STATNAME_L2OUT_EVICT_NONSTACK_REQ, 831
STATNAME_L2OUT_EVICT_STACK_REQ, 236
STATNAME_L2OUT_READ_RELEASE_NONSTACK, 0
STATNAME_L2OUT_READ_RELEASE_STACK, 0
STATNAME_L2IN_TOTAL, 7588
STATNAME_L2IN_READ_REPLY, 1362
STATNAME_L2IN_INSTR_REPLY, 0
STATNAME_L2IN_WRITE_REPLY, 0
STATNAME_L2IN_WRITEBACK_REPLY, 0
STATNAME_L2IN_GLOBAL_REPLY, 3031
STATNAME_L2IN_ATOMIC_REPLY, 2112
STATNAME_L2IN_PREFETCH_REPLY, 0
STATNAME_L2IN_EVICT_REPLY, 1067
STATNAME_L2IN_COHERENCE_PROBE, 16
STATNAME_L2IN_READ_RELEASE, 0
STATNAME_L2_INV_USEFUL, 16
STATNAME_L2_INV_WASTED, 128
STATNAME_L2_WB_USEFUL, 0
STATNAME_L2_WB_WASTED, 0
STATNAME_OUTSTANDING_COHERENCE_BCASTS_COUNT, 0
STATNAME_OUTSTANDING_COHERENCE_BCASTS_COUNT_0, 12361289
STATNAME_L2D_PROFILE_IGNORE, 0
STATNAME_OVERFLOW_DIRECTORY_ALLOCS, 0
FLOPS, 0
GFLOPS, 0.000000
PEAK_GFLOPS, 9.600000
GFLOPS_PERCENT_OF_PEAK, 0.000000
########## DRAM STATS ##########
DRAM_WAITING_CYCLES_00, 16063
DRAM_TOTAL_ACTIVE_BYTES, 65888
DRAM_PEAK_BW_GBPS, 24.000000
DRAM_ACTIVE_SUSTAINED_BW_GBPS, 0.006396
DRAM_ACTIVE_SUSTAINED_BW_PERCENT_OF_PEAK, 0.026651
DRAM_ACTIVE_EFFECTIVE_BW_GBPS, 0.006356
DRAM_ACTIVE_EFFECTIVE_BW_PERCENT_OF_PEAK, 0.026484
DRAM_PERCENT_TIME_NONEMPTY, 0.051979
DRAM_NONEMPTY_BW_GBPS, 12.305446
DRAM_NONEMPTY_BW_PERCENT_OF_PEAK, 51.272692
CACHE_BW_AMPLIFICATION_FACTOR, 114.929517
DRAM_ACTIVE_BURSTS_PER_ACTIVATE, 26.740260
DRAM_TOTAL_READS, 4152
DRAM_TOTAL_WRITES, 8
DRAM_TOTAL_BYTES, 133120
DRAM_TOTAL_ACTIVATES, 163
MAX_DRAM_WINDOW_DELAY, 21
########## CACHE INFO ##########
L2D_LINE_READ_SHARERS_00, 0
L2D_LINE_READ_SHARERS_01, 913
L2D_LINE_READ_SHARERS_02, 9
L2D_LINE_READ_SHARERS_03, 39
L2D_LINE_READ_SHARERS_04, 59
L2D_LINE_READ_SHARERS_05, 61
L2D_LINE_READ_SHARERS_06, 35
L2D_LINE_READ_SHARERS_07, 53
L2D_LINE_READ_SHARERS_08, 4
L2D_LINE_READ_SHARERS_09, 1
L2D_LINE_READ_SHARERS_10, 0
L2D_LINE_READ_SHARERS_11, 0
L2D_LINE_READ_SHARERS_12, 0
L2D_LINE_READ_SHARERS_13, 0
L2D_LINE_READ_SHARERS_14, 0
L2D_LINE_READ_SHARERS_15, 0
L2D_LINE_READ_SHARERS_16, 0
L2D_LINE_READ_SHARERS_17, 0
L2D_LINE_READ_SHARERS_18, 0
L2D_LINE_READ_SHARERS_19, 0
L2D_LINE_READ_SHARERS_20, 0
L2D_LINE_READ_SHARERS_21, 0
L2D_LINE_READ_SHARERS_22, 0
L2D_LINE_READ_SHARERS_23, 0
L2D_LINE_READ_SHARERS_24, 0
L2D_LINE_READ_SHARERS_25, 0
L2D_LINE_READ_SHARERS_26, 0
L2D_LINE_READ_SHARERS_27, 0
L2D_LINE_READ_SHARERS_28, 0
L2D_LINE_READ_SHARERS_29, 0
L2D_LINE_READ_SHARERS_30, 1
L2D_LINE_READ_SHARERS_31, 1
L2D_LINE_READ_SHARERS_32, 19
L2I_LINE_READ_SHARERS_00, 0
L2I_LINE_READ_SHARERS_01, 1497
L2I_LINE_READ_SHARERS_02, 0
L2I_LINE_READ_SHARERS_03, 2
L2I_LINE_READ_SHARERS_04, 19
L2I_LINE_READ_SHARERS_05, 0
L2I_LINE_READ_SHARERS_06, 1
L2I_LINE_READ_SHARERS_07, 0
L2I_LINE_READ_SHARERS_08, 0
L2I_LINE_READ_SHARERS_09, 0
L2I_LINE_READ_SHARERS_10, 0
L2I_LINE_READ_SHARERS_11, 0
L2I_LINE_READ_SHARERS_12, 0
L2I_LINE_READ_SHARERS_13, 0
L2I_LINE_READ_SHARERS_14, 1
L2I_LINE_READ_SHARERS_15, 17
L2I_LINE_READ_SHARERS_16, 0
L2I_LINE_READ_SHARERS_17, 1
L2I_LINE_READ_SHARERS_18, 4
L2I_LINE_READ_SHARERS_19, 8
L2I_LINE_READ_SHARERS_20, 14
L2I_LINE_READ_SHARERS_21, 0
L2I_LINE_READ_SHARERS_22, 0
L2I_LINE_READ_SHARERS_23, 0
L2I_LINE_READ_SHARERS_24, 6
L2I_LINE_READ_SHARERS_25, 0
L2I_LINE_READ_SHARERS_26, 8
L2I_LINE_READ_SHARERS_27, 0
L2I_LINE_READ_SHARERS_28, 11
L2I_LINE_READ_SHARERS_29, 1
L2I_LINE_READ_SHARERS_30, 100
L2I_LINE_READ_SHARERS_31, 2
L2I_LINE_READ_SHARERS_32, 44
########## SIMULATION TIMERS ##########
TIMER_0000, 146693
INSTRCNT_0000, 0
########## RTM STATISTICS ##########
########## TASK STATS (DEPRECATE?) ##########
TQ_ENQUEUE_COUNT, 0
TQ_DEQUEUE_COUNT, 0
TQ_LOOP_COUNT, 0
TQ_INIT_COUNT, 1
TQ_END_COUNT, 0
TQ_CYCLES_BLOCKED, 0
TOTAL_LOAD_STALL_CYCLES, 26188
TQ_TYPE, TQ_SYSTEM_BASELINE
TQ_LATENCY_ENQUEUE_ONE, 20
TQ_LATENCY_ENQUEUE_LOOP, 20
TQ_LATENCY_DEQUEUE, 20
TQ_LATENCY_BLOCKED_SYNC, 100
TQ_MAX_SIZE, 128
TQ_SCHED_WITH_CACHE_AFFINITY, false
TQ_SCHED_WITHOUT_CACHE_AFFINITY, false
TODO TODO -- THIS STUFF (BELOW) NEEDS ATTENTION --

########## CACHE STATS ##########
CLUSTER_CACHE_MEMORY_BARRIERS, 0
GLOBAL_CACHE_REQUEST_BUFFER_FULL, 0
GLOBAL_CACHE_REQUEST_BUFFER_EMPTY, 0
GLOBAL_CACHE_REQUEST_BUFFER_NOTFULL_NOTEMPTY, 0
GLOBAL_CACHE_REQUEST_BUFFER_MEAN_LENGTH, 0.000000
GLOBAL_CACHE_REQUEST_BUFFER_NONEMPTY_MEAN_LENGTH, -nan
########## STALL CYCLES ##########
ISSUE_SLOTS_TOTAL, 197727898
ISSUE_SLOTS_FILLED, 11091883
ISSUE_SLOTS_FILLED_TWO, 1752506
ISSUE_SLOTS_FILLED_ONE, 11695165
ISSUE_SLOTS_FILLED_ZERO, 89452588
ISSUE_SLOTS_FILLED_TWO_FRAC, 0.017031
ISSUE_SLOTS_FILLED_ONE_FRAC, 0.113655
ISSUE_SLOTS_FILLED_ZERO_FRAC, 0.869314
########## NETWORK ##########
NETWORK_INJECT_REQ, 0
NETWORK_INJECTS, 0
NETWORK_REMOVES, 10585
NETWORK_OCCUPANCY, 74157
GCACHE_MEM_WAIT, 45160
NETWORK_OCCUPANCY_MEAN, 7.005857
NETWORK_OCCUPANCY_READ_MEAN, 7.004373
GCACHE_MEM_WAIT_MEAN, 4.266415
GCACHE_MEM_WAIT_READ_MEAN, 8.299519
########## SIMULATION STATISTICS ##########
SIM_CYCLES, 16371235
ACTIVE_CYCLES, 12361289
ACTIVE_NANOSECONDS, 10301073.757339
DRAM_CYCLES, 40927869
ACTIVE_DRAM_CYCLES, 30903058
DRAM_CYCLES/SIM_CYCLES, 2.499987
CYCLES_PER_SECOND_TOTAL, 96373.645013
ACTIVE_CYCLES_PER_SECOND, 72768.027457
SIMULATION_TIME_STRING, 0 days_ 0 hours_ 2 minutes_ 49 seconds
SIMULATION_TIME_USEC, 169872531
KIPS, 65.295343
DUMPFILE_PREFIX, 
DUMPFILE_PATH, RUN_OUTPUT
EXIT REASON, System-wide halt
