65536, 16, 2, 1, 4294967296, (ROWS, BANKS, RANKS, CONTROLLERS, MEMORY SIZE BYTES)
I am Chip[0] (global component 0)
  I am TileLegacy[0] (global component 1)
    I am TileInterconnectNew[0] (global component 2)
    I am ClusterLegacy[0] (global component 3)
      I am CoreInOrderLegacy[0] (global component 4)
      I am CoreInOrderLegacy[1] (global component 5)
      I am CoreInOrderLegacy[2] (global component 6)
      I am CoreInOrderLegacy[3] (global component 7)
      I am CoreInOrderLegacy[4] (global component 8)
      I am CoreInOrderLegacy[5] (global component 9)
      I am CoreInOrderLegacy[6] (global component 10)
      I am CoreInOrderLegacy[7] (global component 11)
CYCLE:            0 (COMMITS) ALU:            0 FPU:            0
Beginning...
SYSCALL open("rigel.pngdata", 0)... returning fd=3 (hostfd=5)
syscall_read(fd=3 target/5 host, base_addr=0x01ab9d90, num_bytes=65536)... read 4935 of 65536 bytes
CYCLE:       100000 (COMMITS) ALU:            0 FPU:            0
CYCLE:       200000 (COMMITS) ALU:            0 FPU:            0
CYCLE:       300000 (COMMITS) ALU:            0 FPU:            0
CYCLE:       400000 (COMMITS) ALU:            0 FPU:            0
CYCLE:       500000 (COMMITS) ALU:            0 FPU:            0
CYCLE:       600000 (COMMITS) ALU:            0 FPU:            0
CYCLE:       700000 (COMMITS) ALU:            0 FPU:            0
CYCLE:       800000 (COMMITS) ALU:            0 FPU:            0
CYCLE:       900000 (COMMITS) ALU:            0 FPU:            0
CYCLE:      1000000 (COMMITS) ALU:            0 FPU:            0
CYCLE:      1100000 (COMMITS) ALU:            0 FPU:            0
CYCLE:      1200000 (COMMITS) ALU:            0 FPU:            0
CYCLE:      1300000 (COMMITS) ALU:            0 FPU:            0
CYCLE:      1400000 (COMMITS) ALU:            0 FPU:            0
CYCLE:      1500000 (COMMITS) ALU:            0 FPU:            0
CYCLE:      1600000 (COMMITS) ALU:            0 FPU:            0
CYCLE:      1700000 (COMMITS) ALU:            0 FPU:            0
CYCLE:      1800000 (COMMITS) ALU:            0 FPU:            0
CYCLE:      1900000 (COMMITS) ALU:            0 FPU:            0
CYCLE:      2000000 (COMMITS) ALU:            0 FPU:            0
CYCLE:      2100000 (COMMITS) ALU:            0 FPU:            0
CYCLE:      2200000 (COMMITS) ALU:            0 FPU:            0
CYCLE:      2300000 (COMMITS) ALU:            0 FPU:            0
CYCLE:      2400000 (COMMITS) ALU:            0 FPU:            0
syscall_read(fd=3 target/5 host, base_addr=0x01ab9d90, num_bytes=65536)... read 0 of 65536 bytes
syscall_close(3) (hostfd=5)...success
CYCLE:      2500000 (COMMITS) ALU:       329949 FPU:            0
core 7 (local 7) thread 1 halting @ cycle 2580185, PC 0x00000068
core 6 (local 6) thread 1 halting @ cycle 2580186, PC 0x00000068
core 7 (local 7) thread 0 halting @ cycle 2580186, PC 0x00000068
core 6 (local 6) thread 0 halting @ cycle 2580187, PC 0x00000068
core 2 (local 2) thread 0 halting @ cycle 2580189, PC 0x00000068
core 7 (local 7) thread 1 halting @ cycle 2580189, PC 0x00000068
core 2 (local 2) thread 1 halting @ cycle 2580190, PC 0x00000068
core 6 (local 6) thread 1 halting @ cycle 2580190, PC 0x00000068
core 7 (local 7) thread 0 halting @ cycle 2580190, PC 0x00000068
core 5 (local 5) thread 1 halting @ cycle 2580191, PC 0x00000068
core 6 (local 6) thread 0 halting @ cycle 2580191, PC 0x00000068
core 7 (local 7) thread 1 halting @ cycle 2580191, PC 0x00000068
core 1 (local 1) thread 0 halting @ cycle 2580192, PC 0x00000068
core 5 (local 5) thread 0 halting @ cycle 2580192, PC 0x00000068
core 6 (local 6) thread 1 halting @ cycle 2580192, PC 0x00000068
core 7 (local 7) thread 0 halting @ cycle 2580192, PC 0x00000068
core 1 (local 1) thread 1 halting @ cycle 2580193, PC 0x00000068
core 2 (local 2) thread 0 halting @ cycle 2580193, PC 0x00000068
core 3 (local 3) thread 1 halting @ cycle 2580193, PC 0x00000068
core 6 (local 6) thread 0 halting @ cycle 2580193, PC 0x00000068
core 2 (local 2) thread 1 halting @ cycle 2580194, PC 0x00000068
core 3 (local 3) thread 0 halting @ cycle 2580194, PC 0x00000068
core 4 (local 4) thread 1 halting @ cycle 2580194, PC 0x00000068
core 2 (local 2) thread 0 halting @ cycle 2580195, PC 0x00000068
core 4 (local 4) thread 0 halting @ cycle 2580195, PC 0x00000068
core 5 (local 5) thread 1 halting @ cycle 2580195, PC 0x00000068
core 1 (local 1) thread 0 halting @ cycle 2580196, PC 0x00000068
core 2 (local 2) thread 1 halting @ cycle 2580196, PC 0x00000068
core 5 (local 5) thread 0 halting @ cycle 2580196, PC 0x00000068
core 1 (local 1) thread 1 halting @ cycle 2580197, PC 0x00000068
core 3 (local 3) thread 1 halting @ cycle 2580197, PC 0x00000068
core 5 (local 5) thread 1 halting @ cycle 2580197, PC 0x00000068
core 1 (local 1) thread 0 halting @ cycle 2580198, PC 0x00000068
core 3 (local 3) thread 0 halting @ cycle 2580198, PC 0x00000068
core 4 (local 4) thread 1 halting @ cycle 2580198, PC 0x00000068
core 5 (local 5) thread 0 halting @ cycle 2580198, PC 0x00000068
core 1 (local 1) thread 1 halting @ cycle 2580199, PC 0x00000068
core 3 (local 3) thread 1 halting @ cycle 2580199, PC 0x00000068
core 4 (local 4) thread 0 halting @ cycle 2580199, PC 0x00000068
core 3 (local 3) thread 0 halting @ cycle 2580200, PC 0x00000068
core 4 (local 4) thread 1 halting @ cycle 2580200, PC 0x00000068
core 4 (local 4) thread 0 halting @ cycle 2580201, PC 0x00000068
core 0 (local 0) thread 1 halting @ cycle 2580258, PC 0x00000068
core 0 (local 0) thread 1 halting @ cycle 2580260, PC 0x00000068
core 0 (local 0) thread 1 halting @ cycle 2580261, PC 0x00000068
core 0 (local 0) thread 1 halting @ cycle 2580263, PC 0x00000068
SYSCALL open("threads_2_emap.out", 577)... returning fd=4 (hostfd=3)
CYCLE:      2600000 (COMMITS) ALU:       696677 FPU:            0
CYCLE:      2700000 (COMMITS) ALU:       743364 FPU:            0
CYCLE:      2800000 (COMMITS) ALU:       789722 FPU:            0
CYCLE:      2900000 (COMMITS) ALU:       836611 FPU:            0
CYCLE:      3000000 (COMMITS) ALU:       883008 FPU:            0
CYCLE:      3100000 (COMMITS) ALU:       929903 FPU:            0
CYCLE:      3200000 (COMMITS) ALU:       976673 FPU:            0
CYCLE:      3300000 (COMMITS) ALU:      1023210 FPU:            0
CYCLE:      3400000 (COMMITS) ALU:      1069583 FPU:            0
CYCLE:      3500000 (COMMITS) ALU:      1116259 FPU:            0
CYCLE:      3600000 (COMMITS) ALU:      1162937 FPU:            0
CYCLE:      3700000 (COMMITS) ALU:      1209219 FPU:            0
CYCLE:      3800000 (COMMITS) ALU:      1255663 FPU:            0
CYCLE:      3900000 (COMMITS) ALU:      1302885 FPU:            0
CYCLE:      4000000 (COMMITS) ALU:      1349318 FPU:            0
CYCLE:      4100000 (COMMITS) ALU:      1395809 FPU:            0
CYCLE:      4200000 (COMMITS) ALU:      1442659 FPU:            0
CYCLE:      4300000 (COMMITS) ALU:      1489555 FPU:            0
CYCLE:      4400000 (COMMITS) ALU:      1535737 FPU:            0
CYCLE:      4500000 (COMMITS) ALU:      1582394 FPU:            0
CYCLE:      4600000 (COMMITS) ALU:      1629467 FPU:            0
CYCLE:      4700000 (COMMITS) ALU:      1675621 FPU:            0
CYCLE:      4800000 (COMMITS) ALU:      1722452 FPU:            0
CYCLE:      4900000 (COMMITS) ALU:      1769512 FPU:            0
CYCLE:      5000000 (COMMITS) ALU:      1815680 FPU:            0
CYCLE:      5100000 (COMMITS) ALU:      1862190 FPU:            0
CYCLE:      5200000 (COMMITS) ALU:      1909324 FPU:            0
CYCLE:      5300000 (COMMITS) ALU:      1955695 FPU:            0
CYCLE:      5400000 (COMMITS) ALU:      2002673 FPU:            0
CYCLE:      5500000 (COMMITS) ALU:      2049307 FPU:            0
CYCLE:      5600000 (COMMITS) ALU:      2095470 FPU:            0
CYCLE:      5700000 (COMMITS) ALU:      2142169 FPU:            0
CYCLE:      5800000 (COMMITS) ALU:      2189146 FPU:            0
CYCLE:      5900000 (COMMITS) ALU:      2235290 FPU:            0
CYCLE:      6000000 (COMMITS) ALU:      2281862 FPU:            0
CYCLE:      6100000 (COMMITS) ALU:      2329091 FPU:            0
CYCLE:      6200000 (COMMITS) ALU:      2375357 FPU:            0
CYCLE:      6300000 (COMMITS) ALU:      2421895 FPU:            0
CYCLE:      6400000 (COMMITS) ALU:      2468997 FPU:            0
CYCLE:      6500000 (COMMITS) ALU:      2515387 FPU:            0
CYCLE:      6600000 (COMMITS) ALU:      2561968 FPU:            0
CYCLE:      6700000 (COMMITS) ALU:      2609191 FPU:            0
CYCLE:      6800000 (COMMITS) ALU:      2655448 FPU:            0
CYCLE:      6900000 (COMMITS) ALU:      2701560 FPU:            0
CYCLE:      7000000 (COMMITS) ALU:      2748806 FPU:            0
syscall_write(fd=4 target/3 host, base_addr=0x01adada8, num_bytes=3785)... wrote 3785 bytes
syscall_close(4) (hostfd=3)...success
SYSCALL open("threads_2_smap.out", 577)... returning fd=5 (hostfd=4)
CYCLE:      7100000 (COMMITS) ALU:      2793353 FPU:            0
CYCLE:      7200000 (COMMITS) ALU:      2839730 FPU:            0
CYCLE:      7300000 (COMMITS) ALU:      2887090 FPU:            0
CYCLE:      7400000 (COMMITS) ALU:      2933379 FPU:            0
CYCLE:      7500000 (COMMITS) ALU:      2980602 FPU:            0
CYCLE:      7600000 (COMMITS) ALU:      3027246 FPU:            0
CYCLE:      7700000 (COMMITS) ALU:      3074217 FPU:            0
CYCLE:      7800000 (COMMITS) ALU:      3120719 FPU:            0
CYCLE:      7900000 (COMMITS) ALU:      3167787 FPU:            0
CYCLE:      8000000 (COMMITS) ALU:      3214133 FPU:            0
CYCLE:      8100000 (COMMITS) ALU:      3261348 FPU:            0
CYCLE:      8200000 (COMMITS) ALU:      3307909 FPU:            0
CYCLE:      8300000 (COMMITS) ALU:      3355035 FPU:            0
CYCLE:      8400000 (COMMITS) ALU:      3401538 FPU:            0
CYCLE:      8500000 (COMMITS) ALU:      3448683 FPU:            0
CYCLE:      8600000 (COMMITS) ALU:      3495414 FPU:            0
CYCLE:      8700000 (COMMITS) ALU:      3542246 FPU:            0
CYCLE:      8800000 (COMMITS) ALU:      3588891 FPU:            0
CYCLE:      8900000 (COMMITS) ALU:      3635892 FPU:            0
CYCLE:      9000000 (COMMITS) ALU:      3682532 FPU:            0
CYCLE:      9100000 (COMMITS) ALU:      3729455 FPU:            0
CYCLE:      9200000 (COMMITS) ALU:      3776195 FPU:            0
CYCLE:      9300000 (COMMITS) ALU:      3822892 FPU:            0
CYCLE:      9400000 (COMMITS) ALU:      3870048 FPU:            0
CYCLE:      9500000 (COMMITS) ALU:      3916627 FPU:            0
CYCLE:      9600000 (COMMITS) ALU:      3963727 FPU:            0
CYCLE:      9700000 (COMMITS) ALU:      4010275 FPU:            0
CYCLE:      9800000 (COMMITS) ALU:      4057504 FPU:            0
CYCLE:      9900000 (COMMITS) ALU:      4103800 FPU:            0
CYCLE:     10000000 (COMMITS) ALU:      4150890 FPU:            0
CYCLE:     10100000 (COMMITS) ALU:      4197366 FPU:            0
CYCLE:     10200000 (COMMITS) ALU:      4244294 FPU:            0
CYCLE:     10300000 (COMMITS) ALU:      4291365 FPU:            0
CYCLE:     10400000 (COMMITS) ALU:      4337594 FPU:            0
CYCLE:     10500000 (COMMITS) ALU:      4384628 FPU:            0
CYCLE:     10600000 (COMMITS) ALU:      4431140 FPU:            0
CYCLE:     10700000 (COMMITS) ALU:      4478347 FPU:            0
CYCLE:     10800000 (COMMITS) ALU:      4524882 FPU:            0
CYCLE:     10900000 (COMMITS) ALU:      4571831 FPU:            0
CYCLE:     11000000 (COMMITS) ALU:      4618816 FPU:            0
CYCLE:     11100000 (COMMITS) ALU:      4665434 FPU:            0
CYCLE:     11200000 (COMMITS) ALU:      4712188 FPU:            0
CYCLE:     11300000 (COMMITS) ALU:      4759143 FPU:            0
CYCLE:     11400000 (COMMITS) ALU:      4806337 FPU:            0
CYCLE:     11500000 (COMMITS) ALU:      4853039 FPU:            0
CYCLE:     11600000 (COMMITS) ALU:      4899987 FPU:            0
CYCLE:     11700000 (COMMITS) ALU:      4947461 FPU:            0
syscall_write(fd=5 target/4 host, base_addr=0x01adada8, num_bytes=3957)... wrote 3957 bytes
syscall_close(5) (hostfd=4)...success
SYSCALL open("output.pngdata", 577)... returning fd=6 (hostfd=5)
CYCLE:     11800000 (COMMITS) ALU:      4992432 FPU:            0
CYCLE:     11900000 (COMMITS) ALU:      5041656 FPU:            0
CYCLE:     12000000 (COMMITS) ALU:      5091355 FPU:            0
CYCLE:     12100000 (COMMITS) ALU:      5140878 FPU:            0
CYCLE:     12200000 (COMMITS) ALU:      5190963 FPU:            0
CYCLE:     12300000 (COMMITS) ALU:      5240653 FPU:            0
CYCLE:     12400000 (COMMITS) ALU:      5290571 FPU:            0
CYCLE:     12500000 (COMMITS) ALU:      5340350 FPU:            0
CYCLE:     12600000 (COMMITS) ALU:      5390421 FPU:            0
CYCLE:     12700000 (COMMITS) ALU:      5440171 FPU:            0
CYCLE:     12800000 (COMMITS) ALU:      5490551 FPU:            0
CYCLE:     12900000 (COMMITS) ALU:      5540492 FPU:            0
CYCLE:     13000000 (COMMITS) ALU:      5590768 FPU:            0
CYCLE:     13100000 (COMMITS) ALU:      5640624 FPU:            0
CYCLE:     13200000 (COMMITS) ALU:      5690975 FPU:            0
CYCLE:     13300000 (COMMITS) ALU:      5740840 FPU:            0
CYCLE:     13400000 (COMMITS) ALU:      5791256 FPU:            0
CYCLE:     13500000 (COMMITS) ALU:      5841225 FPU:            0
CYCLE:     13600000 (COMMITS) ALU:      5891528 FPU:            0
CYCLE:     13700000 (COMMITS) ALU:      5941615 FPU:            0
CYCLE:     13800000 (COMMITS) ALU:      5991968 FPU:            0
CYCLE:     13900000 (COMMITS) ALU:      6042258 FPU:            0
CYCLE:     14000000 (COMMITS) ALU:      6092463 FPU:            0
CYCLE:     14100000 (COMMITS) ALU:      6142791 FPU:            0
CYCLE:     14200000 (COMMITS) ALU:      6193060 FPU:            0
CYCLE:     14300000 (COMMITS) ALU:      6243531 FPU:            0
CYCLE:     14400000 (COMMITS) ALU:      6293669 FPU:            0
CYCLE:     14500000 (COMMITS) ALU:      6344147 FPU:            0
CYCLE:     14600000 (COMMITS) ALU:      6394172 FPU:            0
CYCLE:     14700000 (COMMITS) ALU:      6444691 FPU:            0
syscall_write(fd=6 target/5 host, base_addr=0x01adada8, num_bytes=4830)... wrote 4830 bytes
syscall_close(6) (hostfd=5)...close() returned error
core 0 (local 0) thread 0 halting @ cycle 14794895, PC 0x00000068
Simulation exiting.  Reason: System-wide halt
SIM_START_TIME, @1337921705@
SIM_END_TIME, @1337921862@
USER, tischer1
COMMAND_LINE_ARGS, /scr/tischer1/rigel_git/rigel/build/sim/rigel-sim/rigelsim --args 2 threads_2_emap.out threads_2_smap.out -threads 2 -clusters 1 carve.tasks 
STDIN, 
TAGS, []
TARGET_ARGS, ["carve.tasks"_ "threads_2_emap.out"_ "threads_2_smap.out"]
HOSTNAME, ipaint04.crhc.uiuc.edu
RIGELSIM_BINARY_NAME, /scr/tischer1/rigel_git/rigel/build/sim/rigel-sim/rigelsim
RIGELSIM_BINARY_SIZE, 20875220
RIGELSIM_BINARY_CRC32, 154107419
BENCHMARK_BINARY_NAME, carve.tasks
BENCHMARK_BINARY_SIZE, 459044
BENCHMARK_BINARY_CRC32, 931243494
BENCHMARK, carve
########## SIMULATION PARAMETERS ##########
NUM_TILES, 1
CLUSTERS_PER_TILE, 1
CORES_PER_CLUSTER, 8
THREADS_PER_CORE, 2
ISSUE_WIDTH, 2
REGISTERS, 32
MC_PENDING_PER_BANK, 16
DRAM_CLK_RATIO, 2
MODEL_CONTENTION, true
NONBLOCKING_PREFETCH, false
NONBLOCKING_LOADS, false
STACK_SMASH_CHECK, false
########## INTERCONNECT PARAMETERS ##########
TILENET_GNET2CC_LAT_L1, 2
TILENET_GNET2CC_LAT_L2, 2
TILENET_CC2GNET_LAT_L1, 2
TILENET_CC2GNET_LAT_L2, 2
L1_ROUTER_ENTRIES, 32
L2_ROUTER_ENTRIES, 32
L1_TO_L2_REQUESTS_PER_CYCLE, 2
L2_TO_GNET_REQUESTS_PER_CYCLE, 4
MAX_ENTRIES_TILE_REQUEST_BUFFER, 16
MAX_ENTRIES_TILE_PROBE_REQUEST_BUFFER, 16
MAX_ENTRIES_TILE_PROBE_RESP_BUFFER, 16
MAX_ENTRIES_TILE_REPLY_BUFFER, 16
CLUSTERS_PER_L1_ROUTER, 4
MAX_ENTRIES_GCACHE_PROBE_RESP_BUFFER, 64
MAX_ENTRIES_GCACHE_REQUEST_BUFFER, 16
MAX_ENTRIES_GCACHE_REPLY_BUFFER, 64
MAX_ENTRIES_GCACHE_PROBE_REQUEST_BUFFER, 64
MAX_GNET_UP_INPUT_MESSAGES_PER_CYCLE, 2
MAX_GNET_UP_OUTPUT_MESSAGES_PER_CYCLE, 2
MAX_GNET_DOWN_INPUT_MESSAGES_PER_CYCLE, 2
MAX_GNET_DOWN_OUTPUT_MESSAGES_PER_CYCLE, 2
GNET_GC2TILE_LAT, 2
########## CACHE PARAMETERS ##########
LINE_SIZE, 32
GCACHE_PREFETCH_DEGREE, 4
GCACHE_ACCESS_LATENCY, 1
GCACHE_WAYS, 8
GCACHE_SETS, 512
GCACHE_SIZE, 524288
L2D_ACCESS_LATENCY, 2
L2D_WAYS, 8
L2D_SETS, 256
L2D_SIZE, 65536
L1D_ACCESS_LATENCY, 1
L1D_WAYS, 2
L1D_SETS, 32
L1D_SIZE, 2048
L1I_ACCESS_LATENCY, 1
L1I_WAYS, 8
L1I_SETS, 32
L1I_SIZE, 8192
L1D_CACHE_OUTSTANDING_MISSES, 32
L1I_CACHE_OUTSTANDING_MISSES, 8
L2I_CACHE_OUTSTANDING_MISSES, 16
L2_CACHE_OUTSTANDING_MISSES, 32
L2_CACHE_PREFETCH_COUNT, 0
GCACHE_OUTSTANDING_MISSES, 64
COUNTED_CCACHE_WRITEBACKS, false
COHERENCE_ENABLED, 0
COHERENCE_OVERFLOW_ENABLED, 0
COHERENCE_DIR_SETS, 1
COHERENCE_DIR_WAYS, 32768
COHERENCE_LIMITED_DIRECTORY_ENABLED, 0
COHERENCE_LIMITED_DIRECTORY_PTRS, 4
########## PERFORMANCE STATS ##########
OVERFLOW_DIRECTORY_ALLOCS, 0
STATNAME_DIR_SHARER_COUNT_COUNT, 0
STATNAME_BRANCH_TARGET_HITS, 326121
STATNAME_BRANCH_TARGET_CORRECT, 651647
STATNAME_BRANCH_TARGET_MISPREDICT, 829322
STATNAME_BRANCH_TARGET_TOTAL, 1480969
STATNAME_BRANCH_TARGET_HIT_RATE, 0.220208
STATNAME_BRANCH_TARGET_PREDICTION_RATE, 0.440014
STATNAME_CCACHE_HWPREFETCH_TOTAL, 0
STATNAME_CCACHE_HWPREFETCH_USEFUL, 0
STATNAME_DRAM_BUS_BUSY_CYCLES, 7640
STATNAME_DRAM_BUS_BUSY_CYCLES_PER_CYCLE, 0.000618
STATNAME_GCACHE_HWPREFETCH_TOTAL, 831
STATNAME_GCACHE_HWPREFETCH_USEFUL, 736
STATNAME_GCACHE_PORT_COUNT, 14623
STATNAME_GCACHE_PORT_COUNT_0, 14623
STATNAME_BULK_PREFETCH_TOTAL, 0
STATNAME_BULK_PREFETCH_USEFUL, 0
STATNAME_DIRECTORY_HITS, 0
STATNAME_DIRECTORY_MISSES, 0
STATNAME_DIRECTORY_HIT_RATE, -nan
STATNAME_DIRECTORY_PREFETCH_HITS, 0
STATNAME_DIRECTORY_PREFETCH_MISSES, 0
STATNAME_DIRECTORY_PREFETCH_HIT_RATE, -nan
STATNAME_DIRECTORY_ACCESSES_PER_CYCLE, 0.000000
STATNAME_DIRECTORY_EVICTIONS_TOTAL, 0
STATNAME_DIRECTORY_EVICTION_SHARERS_TOTAL, 0
STATNAME_DIRECTORY_REREQUESTS_TOTAL, 0
STATNAME_GLOBAL_CACHE_HITS, 12428
STATNAME_GLOBAL_CACHE_MISSES, 1894
STATNAME_GLOBAL_CACHE_HIT_RATE, 0.867756
STATNAME_GLOBAL_CACHE_PREFETCH_HITS, 0
STATNAME_GLOBAL_CACHE_PREFETCH_MISSES, 0
STATNAME_GLOBAL_CACHE_PREFETCH_HIT_RATE, -nan
STATNAME_GLOBAL_CACHE_ACCESSES_PER_CYCLE, 0.001159
STATNAME_GLOBAL_CACHE_MISSES_PER_K_INSTRS, 0.172213
STATNAME_GLOBAL_CACHE_RW_ACCESSES, 7161
STATNAME_GLOBAL_CACHE_RW_ACCESSES_PER_CYCLE, 0.000580
STATNAME_GLOBAL_CACHE_OF_ACCESSES, 0
STATNAME_GLOBAL_CACHE_OF_ACCESSES_PER_CYCLE, 0.000000
STATNAME_INSTR_CC_OCCUPANCY, 11002368
STATNAME_INSTR_DE_OCCUPANCY, 10998011
STATNAME_INSTR_EX_OCCUPANCY, 16117061
STATNAME_INSTR_FP_OCCUPANCY, 10998011
STATNAME_INSTR_GC_FILL, 0
STATNAME_INSTR_GC_MSHR, 0
STATNAME_INSTR_GC_PENDING, 0
STATNAME_INSTR_GC_WRITE_ALLOCATE, 0
STATNAME_INSTR_GNET_GCREPLY, 0
STATNAME_INSTR_GNET_GCREQUEST, 0
STATNAME_INSTR_GNET_REPLYBUFFER, 0
STATNAME_INSTR_GNET_REQUESTBUFFER, 0
STATNAME_INSTR_GNET_TILEREPLY, 0
STATNAME_INSTR_GNET_TILEREQUEST, 0
STATNAME_INSTR_IF_OCCUPANCY, 17569051
STATNAME_INSTR_INSTR_STALL_CYCLES, 41723455
STATNAME_INSTR_L1D_MSHR, 0
STATNAME_INSTR_L1D_PENDING, 332
STATNAME_INSTR_L1I_MSHR, 0
STATNAME_INSTR_L1I_PENDING, 0
STATNAME_INSTR_L1ROUTER_REPLY, 0
STATNAME_INSTR_L1ROUTER_REQUEST, 0
STATNAME_INSTR_L2D_ACCESS, 13224
STATNAME_INSTR_L2D_ARBITRATE, 16706
STATNAME_INSTR_L2D_MSHR, 0
STATNAME_INSTR_L2D_PENDING, 8639
STATNAME_INSTR_L2GC_REPLY, 0
STATNAME_INSTR_L2GC_REQUEST, 0
STATNAME_INSTR_L2I_ACCESS, 0
STATNAME_INSTR_L2I_ARBITRATE, 0
STATNAME_INSTR_L2I_MSHR, 0
STATNAME_INSTR_L2I_PENDING, 0
STATNAME_INSTR_L2ROUTER_REPLY, 0
STATNAME_INSTR_L2ROUTER_REQUEST, 0
STATNAME_INSTR_MC_OCCUPANCY, 11084092
STATNAME_INSTR_RESOURCE_CONFLICT_ALU, 1951451
STATNAME_INSTR_RESOURCE_CONFLICT_ALU_SHIFT, 86483
STATNAME_INSTR_RESOURCE_CONFLICT_BOTH, 7
STATNAME_INSTR_RESOURCE_CONFLICT_BRANCH, 35923
STATNAME_INSTR_RESOURCE_CONFLICT_FPU, 0
STATNAME_INSTR_RESOURCE_CONFLICT_MEM, 442777
STATNAME_INSTR_SENDING_BCAST_NOTIFIES, 0
STATNAME_INSTR_STUCK_BEHIND_GLOBAL, 51270
STATNAME_INSTR_STUCK_BEHIND_OTHER_INSTR, 14512149
STATNAME_INSTR_SYNC_WAITING_FOR_ACK, 0
STATNAME_INSTR_TILE_REPLYBUFFER, 0
STATNAME_INSTR_TILE_REQUESTBUFFER, 0
STATNAME_INSTR_WB_OCCUPANCY, 10998011
STATNAME_L1D_CACHE_HITS, 1817789
STATNAME_L1D_CACHE_MISSES, 34493
STATNAME_L1D_CACHE_HIT_RATE, 0.981378
STATNAME_L1D_CACHE_PREFETCH_HITS, 0
STATNAME_L1D_CACHE_PREFETCH_MISSES, 0
STATNAME_L1D_CACHE_PREFETCH_HIT_RATE, -nan
STATNAME_L1D_CACHE_ACCESSES_PER_CYCLE, 0.018738
STATNAME_L1D_CACHE_MISSES_PER_K_INSTRS, 3.136294
STATNAME_L1I_CACHE_HITS, 10457748
STATNAME_L1I_CACHE_MISSES, 540263
STATNAME_L1I_CACHE_HIT_RATE, 0.950876
STATNAME_L1I_CACHE_PREFETCH_HITS, 0
STATNAME_L1I_CACHE_PREFETCH_MISSES, 0
STATNAME_L1I_CACHE_PREFETCH_HIT_RATE, -nan
STATNAME_L1I_CACHE_ACCESSES_PER_CYCLE, 0.111258
STATNAME_L1I_CACHE_MISSES_PER_K_INSTRS, 49.123703
STATNAME_L1_ROUTER_HISTOGRAM_REPLY_COUNT, 0
STATNAME_L1_ROUTER_HISTOGRAM_REQ_COUNT, 0
STATNAME_L2D_CACHE_HITS, 33862
STATNAME_L2D_CACHE_MISSES, 631
STATNAME_L2D_CACHE_HIT_RATE, 0.981706
STATNAME_L2D_CACHE_PREFETCH_HITS, 0
STATNAME_L2D_CACHE_PREFETCH_MISSES, 0
STATNAME_L2D_CACHE_PREFETCH_HIT_RATE, -nan
STATNAME_L2D_CACHE_ACCESSES_PER_CYCLE, 0.002791
STATNAME_L2D_CACHE_MISSES_PER_K_INSTRS, 0.057374
STATNAME_L2I_CACHE_HITS, 537457
STATNAME_L2I_CACHE_MISSES, 2806
STATNAME_L2I_CACHE_HIT_RATE, 0.994806
STATNAME_L2I_CACHE_PREFETCH_HITS, 0
STATNAME_L2I_CACHE_PREFETCH_MISSES, 0
STATNAME_L2I_CACHE_PREFETCH_HIT_RATE, -nan
STATNAME_L2I_CACHE_ACCESSES_PER_CYCLE, 0.043723
STATNAME_L2I_CACHE_MISSES_PER_K_INSTRS, 0.255137
STATNAME_L2_ROUTER_HISTOGRAM_REPLY_COUNT, 0
STATNAME_L2_ROUTER_HISTOGRAM_REQ_COUNT, 0
STATNAME_LOCAL_ATOMICS_INSTR_MIX_RATIO, 0.000086
STATNAME_LOCAL_ATOMICS_INSTR_PER_CYCLE, 0.000010
STATNAME_GLOBAL_ATOMICS_INSTR_MIX_RATIO, 0.000192
STATNAME_GLOBAL_ATOMICS_INSTR_PER_CYCLE, 0.000021
STATNAME_ATOMICS_INSTR_MIX_RATIO, 0.000278
STATNAME_ATOMICS_INSTR_PER_CYCLE, 0.000031
STATNAME_GLOBAL_MEMORY_INSTR_MIX_RATIO, 0.000466
STATNAME_GLOBAL_MEMORY_INSTR_PER_CYCLE, 0.000052
STATNAME_LOCAL_MEMORY_INSTR_MIX_RATIO, 0.168420
STATNAME_LOCAL_MEMORY_INSTR_PER_CYCLE, 0.018738
STATNAME_MC_FORCE_SCHEDULE, 0
STATNAME_MC_FORCE_SCHEDULE_PER_CYCLE, 0.000000
STATNAME_MC_SCHED_ROW_HIT, 1235
STATNAME_MC_SCHED_ROW_HIT_PER_CYCLE, 0.000100
STATNAME_PROFILER_ACTIVE_CYCLES, 12356454
STATNAME_RETIRED_INSTRUCTIONS, 10998011
STATNAME_RETIRED_INSTRUCTIONS_PER_CYCLE, 0.111258
STATNAME_ONE_OPR_INSTRUCTIONS, 5092622
STATNAME_ONE_OPR_BYPASSED, 1985563
STATNAME_TWO_OPR_INSTRUCTIONS, 5046485
STATNAME_TWO_OPR_BYPASSED_ONE, 2301664
STATNAME_TWO_OPR_BYPASSED_TWO, 1017382
STATNAME_TILE_INTERCONNECT_INJECTS, 7161
STATNAME_DRAM_CMD_READ, 1910
STATNAME_DRAM_CMD_READ_PER_CYCLE, 0.000155
STATNAME_DRAM_CMD_IDLE, 0
STATNAME_DRAM_CMD_IDLE_PER_CYCLE, 0.000000
STATNAME_DRAM_CMD_ACTIVATE, 51
STATNAME_DRAM_CMD_ACTIVATE_PER_CYCLE, 0.000004
STATNAME_DRAM_CMD_PRECHARGE, 48
STATNAME_DRAM_CMD_PRECHARGE_PER_CYCLE, 0.000004
STATNAME_DRAM_CMD_WRITE, 0
STATNAME_DRAM_CMD_WRITE_PER_CYCLE, 0.000000
STATNAME_ATTEMPTS_LDW_MISS_L1D_MEAN, 3.308970
STATNAME_ATTEMPTS_LDW_MISS_L1D_COUNT, 13243
STATNAME_ATTEMPTS_LDL_MISS_L1D_MEAN, 2.909091
STATNAME_ATTEMPTS_LDL_MISS_L1D_COUNT, 32
STATNAME_ATTEMPTS_LDW_HIT_L1D_MEAN, 0.000000
STATNAME_ATTEMPTS_LDW_HIT_L1D_COUNT, 1025155
STATNAME_ATTEMPTS_LDL_HIT_L1D_MEAN, 0.000000
STATNAME_ATTEMPTS_LDL_HIT_L1D_COUNT, 440
STATNAME_ATTEMPTS_LDW_MISS_L2D_MEAN, 15.942177
STATNAME_ATTEMPTS_LDW_MISS_L2D_COUNT, 293
STATNAME_ATTEMPTS_LDL_MISS_L2D_MEAN, 0.000000
STATNAME_ATTEMPTS_LDL_MISS_L2D_COUNT, 0
STATNAME_ATTEMPTS_LDW_HIT_L2D_MEAN, 3.021929
STATNAME_ATTEMPTS_LDW_HIT_L2D_COUNT, 12950
STATNAME_ATTEMPTS_LDL_HIT_L2D_MEAN, 2.909091
STATNAME_ATTEMPTS_LDL_HIT_L2D_COUNT, 32
STATNAME_ATTEMPTS_STW_MISS_L1D_MEAN, 2.051610
STATNAME_ATTEMPTS_STW_MISS_L1D_COUNT, 21216
STATNAME_ATTEMPTS_STC_MISS_L1D_MEAN, 2.000000
STATNAME_ATTEMPTS_STC_MISS_L1D_COUNT, 2
STATNAME_ATTEMPTS_STW_HIT_L1D_MEAN, 1.999997
STATNAME_ATTEMPTS_STW_HIT_L1D_COUNT, 791724
STATNAME_ATTEMPTS_STC_HIT_L1D_MEAN, 1.995754
STATNAME_ATTEMPTS_STC_HIT_L1D_COUNT, 470
STATNAME_ATTEMPTS_STW_MISS_L2D_MEAN, 2.793510
STATNAME_ATTEMPTS_STW_MISS_L2D_COUNT, 338
STATNAME_ATTEMPTS_STC_MISS_L2D_MEAN, 0.000000
STATNAME_ATTEMPTS_STC_MISS_L2D_COUNT, 0
STATNAME_ATTEMPTS_STW_HIT_L2D_MEAN, 2.039465
STATNAME_ATTEMPTS_STW_HIT_L2D_COUNT, 20878
STATNAME_ATTEMPTS_STC_HIT_L2D_MEAN, 2.000000
STATNAME_ATTEMPTS_STC_HIT_L2D_COUNT, 2
STATNAME_COHERENCE_EVICTS, 0
STATNAME_COMMIT_FU_NONE, 0
STATNAME_COMMIT_FU_ALU, 6492051
STATNAME_COMMIT_FU_ALU_VECTOR, 0
STATNAME_COMMIT_FU_FPU, 0
STATNAME_COMMIT_FU_FPU_VECTOR, 0
STATNAME_COMMIT_FU_FPU_SPECIAL, 0
STATNAME_COMMIT_FU_ALU_SHIFT, 1167495
STATNAME_COMMIT_FU_SPFU, 0
STATNAME_COMMIT_FU_COMPARE, 0
STATNAME_COMMIT_FU_MEM, 1857425
STATNAME_COMMIT_FU_BRANCH, 1480968
STATNAME_COMMIT_FU_BOTH, 71
STATNAME_COMMIT_FU_COUNT, 0
STATNAME_DIR_INVALIDATE_REG, 0
STATNAME_DIR_INVALIDATE_BCAST, 0
STATNAME_DIR_INVALIDATE_WR, 0
STATNAME_DROPPED_HW_CCACHE_PREFETCHES, 0
STATNAME_DIR_WR2WR_TXFR, 0
STATNAME_DIR_L2D_DIRTY_EVICTS, 760
STATNAME_DIR_L2D_READ_RELEASES, 0
STATNAME_DIR_INCOHERENT_ACCESSES, 0
STATNAME_L2OUT_TOTAL, 7161
STATNAME_L2OUT_READ_NONSTACK_REQ, 1251
STATNAME_L2OUT_READ_STACK_REQ, 7
STATNAME_L2OUT_INSTR_REQ, 0
STATNAME_L2OUT_WRITE_NONSTACK_REQ, 0
STATNAME_L2OUT_WRITE_STACK_REQ, 0
STATNAME_L2OUT_WRITEBACK_REQ, 0
STATNAME_L2OUT_COHERENCE_REPLY, 0
STATNAME_L2OUT_GLOBAL_REQ, 3031
STATNAME_L2OUT_ATOMIC_REQ, 2112
STATNAME_L2OUT_PREFETCH_REQ, 0
STATNAME_L2OUT_EVICT_NONSTACK_REQ, 659
STATNAME_L2OUT_EVICT_STACK_REQ, 101
STATNAME_L2OUT_READ_RELEASE_NONSTACK, 0
STATNAME_L2OUT_READ_RELEASE_STACK, 0
STATNAME_L2IN_TOTAL, 7177
STATNAME_L2IN_READ_REPLY, 1258
STATNAME_L2IN_INSTR_REPLY, 0
STATNAME_L2IN_WRITE_REPLY, 0
STATNAME_L2IN_WRITEBACK_REPLY, 0
STATNAME_L2IN_GLOBAL_REPLY, 3031
STATNAME_L2IN_ATOMIC_REPLY, 2112
STATNAME_L2IN_PREFETCH_REPLY, 0
STATNAME_L2IN_EVICT_REPLY, 760
STATNAME_L2IN_COHERENCE_PROBE, 16
STATNAME_L2IN_READ_RELEASE, 0
STATNAME_L2_INV_USEFUL, 16
STATNAME_L2_INV_WASTED, 128
STATNAME_L2_WB_USEFUL, 0
STATNAME_L2_WB_WASTED, 0
STATNAME_OUTSTANDING_COHERENCE_BCASTS_COUNT, 0
STATNAME_OUTSTANDING_COHERENCE_BCASTS_COUNT_0, 12356454
STATNAME_L2D_PROFILE_IGNORE, 0
STATNAME_OVERFLOW_DIRECTORY_ALLOCS, 0
FLOPS, 0
GFLOPS, 0.000000
PEAK_GFLOPS, 9.600000
GFLOPS_PERCENT_OF_PEAK, 0.000000
########## DRAM STATS ##########
DRAM_WAITING_CYCLES_00, 14324
DRAM_TOTAL_ACTIVE_BYTES, 61120
DRAM_PEAK_BW_GBPS, 24.000000
DRAM_ACTIVE_SUSTAINED_BW_GBPS, 0.005936
DRAM_ACTIVE_SUSTAINED_BW_PERCENT_OF_PEAK, 0.024732
DRAM_ACTIVE_EFFECTIVE_BW_GBPS, 0.005899
DRAM_ACTIVE_EFFECTIVE_BW_PERCENT_OF_PEAK, 0.024578
DRAM_PERCENT_TIME_NONEMPTY, 0.046370
DRAM_NONEMPTY_BW_GBPS, 12.800822
DRAM_NONEMPTY_BW_PERCENT_OF_PEAK, 53.336757
CACHE_BW_AMPLIFICATION_FACTOR, 121.559228
DRAM_ACTIVE_BURSTS_PER_ACTIVATE, 37.450980
DRAM_TOTAL_READS, 3914
DRAM_TOTAL_WRITES, 1
DRAM_TOTAL_BYTES, 125280
DRAM_TOTAL_ACTIVATES, 127
MAX_DRAM_WINDOW_DELAY, 21
########## CACHE INFO ##########
L2D_LINE_READ_SHARERS_00, 0
L2D_LINE_READ_SHARERS_01, 658
L2D_LINE_READ_SHARERS_02, 22
L2D_LINE_READ_SHARERS_03, 129
L2D_LINE_READ_SHARERS_04, 93
L2D_LINE_READ_SHARERS_05, 11
L2D_LINE_READ_SHARERS_06, 0
L2D_LINE_READ_SHARERS_07, 0
L2D_LINE_READ_SHARERS_08, 2
L2D_LINE_READ_SHARERS_09, 0
L2D_LINE_READ_SHARERS_10, 0
L2D_LINE_READ_SHARERS_11, 0
L2D_LINE_READ_SHARERS_12, 0
L2D_LINE_READ_SHARERS_13, 0
L2D_LINE_READ_SHARERS_14, 0
L2D_LINE_READ_SHARERS_15, 1
L2D_LINE_READ_SHARERS_16, 20
L2I_LINE_READ_SHARERS_00, 0
L2I_LINE_READ_SHARERS_01, 1459
L2I_LINE_READ_SHARERS_02, 10
L2I_LINE_READ_SHARERS_03, 0
L2I_LINE_READ_SHARERS_04, 7
L2I_LINE_READ_SHARERS_05, 1
L2I_LINE_READ_SHARERS_06, 1
L2I_LINE_READ_SHARERS_07, 0
L2I_LINE_READ_SHARERS_08, 1
L2I_LINE_READ_SHARERS_09, 0
L2I_LINE_READ_SHARERS_10, 27
L2I_LINE_READ_SHARERS_11, 0
L2I_LINE_READ_SHARERS_12, 0
L2I_LINE_READ_SHARERS_13, 0
L2I_LINE_READ_SHARERS_14, 22
L2I_LINE_READ_SHARERS_15, 14
L2I_LINE_READ_SHARERS_16, 159
########## SIMULATION TIMERS ##########
TIMER_0000, 141793
INSTRCNT_0000, 0
########## RTM STATISTICS ##########
########## TASK STATS (DEPRECATE?) ##########
TQ_ENQUEUE_COUNT, 0
TQ_DEQUEUE_COUNT, 0
TQ_LOOP_COUNT, 0
TQ_INIT_COUNT, 1
TQ_END_COUNT, 0
TQ_CYCLES_BLOCKED, 0
TOTAL_LOAD_STALL_CYCLES, 16863
TQ_TYPE, TQ_SYSTEM_BASELINE
TQ_LATENCY_ENQUEUE_ONE, 20
TQ_LATENCY_ENQUEUE_LOOP, 20
TQ_LATENCY_DEQUEUE, 20
TQ_LATENCY_BLOCKED_SYNC, 100
TQ_MAX_SIZE, 128
TQ_SCHED_WITH_CACHE_AFFINITY, false
TQ_SCHED_WITHOUT_CACHE_AFFINITY, false
TODO TODO -- THIS STUFF (BELOW) NEEDS ATTENTION --

########## CACHE STATS ##########
CLUSTER_CACHE_MEMORY_BARRIERS, 0
GLOBAL_CACHE_REQUEST_BUFFER_FULL, 0
GLOBAL_CACHE_REQUEST_BUFFER_EMPTY, 0
GLOBAL_CACHE_REQUEST_BUFFER_NOTFULL_NOTEMPTY, 0
GLOBAL_CACHE_REQUEST_BUFFER_MEAN_LENGTH, 0.000000
GLOBAL_CACHE_REQUEST_BUFFER_NONEMPTY_MEAN_LENGTH, -nan
########## STALL CYCLES ##########
ISSUE_SLOTS_TOTAL, 197669972
ISSUE_SLOTS_FILLED, 10998010
ISSUE_SLOTS_FILLED_TWO, 1746706
ISSUE_SLOTS_FILLED_ONE, 9943045
ISSUE_SLOTS_FILLED_ZERO, 89600323
ISSUE_SLOTS_FILLED_TWO_FRAC, 0.017245
ISSUE_SLOTS_FILLED_ONE_FRAC, 0.098164
ISSUE_SLOTS_FILLED_ZERO_FRAC, 0.884591
########## NETWORK ##########
NETWORK_INJECT_REQ, 0
NETWORK_INJECTS, 0
NETWORK_REMOVES, 9986
NETWORK_OCCUPANCY, 69949
GCACHE_MEM_WAIT, 38520
NETWORK_OCCUPANCY_MEAN, 7.004707
NETWORK_OCCUPANCY_READ_MEAN, 7.001831
GCACHE_MEM_WAIT_MEAN, 3.857400
GCACHE_MEM_WAIT_READ_MEAN, 6.529977
########## SIMULATION STATISTICS ##########
SIM_CYCLES, 14794895
ACTIVE_CYCLES, 12356454
ACTIVE_NANOSECONDS, 10297044.590832
DRAM_CYCLES, 36987091
ACTIVE_DRAM_CYCLES, 30891014
DRAM_CYCLES/SIM_CYCLES, 2.499990
CYCLES_PER_SECOND_TOTAL, 94196.115004
ACTIVE_CYCLES_PER_SECOND, 78671.052550
SIMULATION_TIME_STRING, 0 days_ 0 hours_ 2 minutes_ 37 seconds
SIMULATION_TIME_USEC, 157064811
KIPS, 70.022117
DUMPFILE_PREFIX, 
DUMPFILE_PATH, RUN_OUTPUT
EXIT REASON, System-wide halt
